This file contains any messages produced by compilers while
running configure, to aid debugging if configure makes a mistake.

It was created by configure, which was
generated by GNU Autoconf 2.69.  Invocation command line was

  $ ./configure --disable-python

## --------- ##
## Platform. ##
## --------- ##

hostname = kiss
uname -m = x86_64
uname -r = 5.12.12
uname -s = Linux
uname -v = #5 SMP Sat Jul 10 19:12:13 UTC 2021

/usr/bin/uname -p = unknown
/bin/uname -X     = unknown

/bin/arch              = x86_64
/usr/bin/arch -k       = x86_64
/usr/convex/getsysinfo = unknown
/usr/bin/hostinfo      = unknown
/bin/machine           = unknown
/usr/bin/oslevel       = unknown
/bin/universe          = unknown

PATH: /usr/local/sbin
PATH: /usr/local/bin
PATH: /usr/bin
PATH: /usr/sbin
PATH: /sbin
PATH: /bin


## ----------- ##
## Core tests. ##
## ----------- ##

configure:2344: checking build system type
configure:2358: result: x86_64-pc-linux-musl
configure:2405: checking host system type
configure:2418: result: x86_64-pc-linux-musl
configure:2438: checking target system type
configure:2451: result: x86_64-pc-linux-musl
configure:2505: checking for a BSD-compatible install
configure:2573: result: /usr/bin/install -c
configure:2584: checking whether ln works
configure:2606: result: yes
configure:2610: checking whether ln -s works
configure:2614: result: yes
configure:2621: checking for a sed that does not truncate output
configure:2685: result: /usr/bin/sed
configure:2694: checking for gawk
configure:2724: result: no
configure:2694: checking for mawk
configure:2724: result: no
configure:2694: checking for nawk
configure:2724: result: no
configure:2694: checking for awk
configure:2710: found /usr/bin/awk
configure:2721: result: awk
configure:3494: checking for gdbserver support
configure:3504: result: yes
configure:4060: checking for gcc
configure:4076: found /usr/bin/gcc
configure:4087: result: gcc
configure:4316: checking for C compiler version
configure:4325: gcc --version >&5
gcc (GCC) 11.1.0
Copyright (C) 2021 Free Software Foundation, Inc.
This is free software; see the source for copying conditions.  There is NO
warranty; not even for MERCHANTABILITY or FITNESS FOR A PARTICULAR PURPOSE.

configure:4336: $? = 0
configure:4325: gcc -v >&5
Using built-in specs.
COLLECT_GCC=gcc
COLLECT_LTO_WRAPPER=/usr/lib/gcc/x86_64-pc-linux-musl/11.1.0/lto-wrapper
Target: x86_64-pc-linux-musl
Configured with: ../gcc/configure --prefix=/usr --libexecdir=/usr/lib --mandir=/usr/share/man --infodir=/usr/share/info --disable-multilib --disable-symvers --disable-libmpx --disable-libmudflap --disable-libsanitizer --disable-werror --disable-fixed-point --disable-libstdcxx-pch --disable-nls --enable-checking=release --enable-__cxa_atexit --enable-default-pie --enable-default-ssp --enable-shared --enable-threads --enable-tls --enable-initfini-array --enable-languages=c,c++ --without-included-gettext --with-zstd=no --with-system-zlib --build=x86_64-pc-linux-musl --disable-bootstrap
Thread model: posix
Supported LTO compression algorithms: zlib
gcc version 11.1.0 (GCC) 
configure:4336: $? = 0
configure:4325: gcc -V >&5
gcc: error: unrecognized command-line option '-V'
gcc: fatal error: no input files
compilation terminated.
configure:4336: $? = 1
configure:4325: gcc -qversion >&5
gcc: error: unrecognized command-line option '-qversion'; did you mean '--version'?
gcc: fatal error: no input files
compilation terminated.
configure:4336: $? = 1
configure:4356: checking whether the C compiler works
configure:4378: gcc -O3 -pipe -march=native   conftest.c  >&5
configure:4382: $? = 0
configure:4430: result: yes
configure:4433: checking for C compiler default output file name
configure:4435: result: a.out
configure:4441: checking for suffix of executables
configure:4448: gcc -o conftest -O3 -pipe -march=native   conftest.c  >&5
configure:4452: $? = 0
configure:4474: result: 
configure:4496: checking whether we are cross compiling
configure:4504: gcc -o conftest -O3 -pipe -march=native   conftest.c  >&5
configure:4508: $? = 0
configure:4515: ./conftest
configure:4519: $? = 0
configure:4534: result: no
configure:4539: checking for suffix of object files
configure:4561: gcc -c -O3 -pipe -march=native  conftest.c >&5
configure:4565: $? = 0
configure:4586: result: o
configure:4590: checking whether we are using the GNU C compiler
configure:4609: gcc -c -O3 -pipe -march=native  conftest.c >&5
configure:4609: $? = 0
configure:4618: result: yes
configure:4627: checking whether gcc accepts -g
configure:4647: gcc -c -g  conftest.c >&5
configure:4647: $? = 0
configure:4688: result: yes
configure:4705: checking for gcc option to accept ISO C89
configure:4768: gcc  -c -O3 -pipe -march=native  conftest.c >&5
configure:4768: $? = 0
configure:4781: result: none needed
configure:4859: checking for g++
configure:4875: found /usr/bin/g++
configure:4886: result: g++
configure:4913: checking for C++ compiler version
configure:4922: g++ --version >&5
g++ (GCC) 11.1.0
Copyright (C) 2021 Free Software Foundation, Inc.
This is free software; see the source for copying conditions.  There is NO
warranty; not even for MERCHANTABILITY or FITNESS FOR A PARTICULAR PURPOSE.

configure:4933: $? = 0
configure:4922: g++ -v >&5
Using built-in specs.
COLLECT_GCC=g++
COLLECT_LTO_WRAPPER=/usr/lib/gcc/x86_64-pc-linux-musl/11.1.0/lto-wrapper
Target: x86_64-pc-linux-musl
Configured with: ../gcc/configure --prefix=/usr --libexecdir=/usr/lib --mandir=/usr/share/man --infodir=/usr/share/info --disable-multilib --disable-symvers --disable-libmpx --disable-libmudflap --disable-libsanitizer --disable-werror --disable-fixed-point --disable-libstdcxx-pch --disable-nls --enable-checking=release --enable-__cxa_atexit --enable-default-pie --enable-default-ssp --enable-shared --enable-threads --enable-tls --enable-initfini-array --enable-languages=c,c++ --without-included-gettext --with-zstd=no --with-system-zlib --build=x86_64-pc-linux-musl --disable-bootstrap
Thread model: posix
Supported LTO compression algorithms: zlib
gcc version 11.1.0 (GCC) 
configure:4933: $? = 0
configure:4922: g++ -V >&5
g++: error: unrecognized command-line option '-V'
g++: fatal error: no input files
compilation terminated.
configure:4933: $? = 1
configure:4922: g++ -qversion >&5
g++: error: unrecognized command-line option '-qversion'; did you mean '--version'?
g++: fatal error: no input files
compilation terminated.
configure:4933: $? = 1
configure:4937: checking whether we are using the GNU C++ compiler
configure:4956: g++ -c -O3 -pipe -march=native  conftest.cpp >&5
configure:4956: $? = 0
configure:4965: result: yes
configure:4974: checking whether g++ accepts -g
configure:4994: g++ -c -g  conftest.cpp >&5
configure:4994: $? = 0
configure:5035: result: yes
configure:5084: checking whether g++ accepts -static-libstdc++ -static-libgcc
configure:5101: g++ -o conftest -O3 -pipe -march=native   -static-libstdc++ -static-libgcc conftest.cpp  >&5
configure:5101: $? = 0
configure:5102: result: yes
configure:5166: checking for gnatbind
configure:5196: result: no
configure:5258: checking for gnatmake
configure:5288: result: no
configure:5307: checking whether compiler driver understands Ada
configure:5330: result: no
configure:5339: checking how to compare bootstrapped objects
configure:5364: result: cmp $$f1 $$f2 16 16
configure:5424: checking for objdir
configure:5439: result: .libs
configure:6005: checking for isl 0.15 or later
configure:6018: gcc -o conftest -O3 -pipe -march=native      -lisl -lmpc -lmpfr -lgmp conftest.c  -lisl -lgmp >&5
conftest.c:10:10: fatal error: isl/schedule.h: No such file or directory
   10 | #include <isl/schedule.h>
      |          ^~~~~~~~~~~~~~~~
compilation terminated.
configure:6018: $? = 1
configure: failed program was:
| /* confdefs.h */
| #define PACKAGE_NAME ""
| #define PACKAGE_TARNAME ""
| #define PACKAGE_VERSION ""
| #define PACKAGE_STRING ""
| #define PACKAGE_BUGREPORT ""
| #define PACKAGE_URL ""
| #define LT_OBJDIR ".libs/"
| /* end confdefs.h.  */
| #include <isl/schedule.h>
| int
| main ()
| {
| isl_options_set_schedule_serialize_sccs (NULL, 0);
|   ;
|   return 0;
| }
configure:6025: result: no
configure:6029: result: required isl version is 0.15 or later
configure:7122: checking for default BUILD_CONFIG
configure:7154: result: 
configure:7159: checking for --enable-vtable-verify
configure:7172: result: no
configure:7784: checking for bison
configure:7800: found /usr/bin/bison
configure:7811: result: bison -y
configure:7831: checking for bison
configure:7847: found /usr/bin/bison
configure:7858: result: bison
configure:7878: checking for gm4
configure:7908: result: no
configure:7878: checking for gnum4
configure:7908: result: no
configure:7878: checking for m4
configure:7894: found /usr/bin/m4
configure:7905: result: m4
configure:7925: checking for flex
configure:7941: found /usr/bin/flex
configure:7952: result: flex
configure:7973: checking for flex
configure:7989: found /usr/bin/flex
configure:8000: result: flex
configure:8020: checking for makeinfo
configure:8050: result: no
configure:8081: checking for expect
configure:8111: result: no
configure:8130: checking for runtest
configure:8160: result: no
configure:8275: checking for ar
configure:8291: found /usr/bin/ar
configure:8302: result: ar
configure:8416: checking for as
configure:8432: found /usr/bin/as
configure:8443: result: as
configure:8557: checking for dlltool
configure:8587: result: no
configure:8698: checking for ld
configure:8714: found /usr/bin/ld
configure:8725: result: ld
configure:8839: checking for lipo
configure:8869: result: no
configure:8980: checking for nm
configure:8996: found /usr/bin/nm
configure:9007: result: nm
configure:9121: checking for ranlib
configure:9137: found /usr/bin/ranlib
configure:9148: result: ranlib
configure:9257: checking for strip
configure:9273: found /usr/bin/strip
configure:9284: result: strip
configure:9393: checking for windres
configure:9423: result: no
configure:9534: checking for windmc
configure:9564: result: no
configure:9675: checking for objcopy
configure:9691: found /usr/bin/objcopy
configure:9702: result: objcopy
configure:9816: checking for objdump
configure:9832: found /usr/bin/objdump
configure:9843: result: objdump
configure:9957: checking for readelf
configure:9973: found /usr/bin/readelf
configure:9984: result: readelf
configure:10137: checking for cc
configure:10153: found /usr/bin/cc
configure:10164: result: cc
configure:10298: checking for c++
configure:10314: found /usr/bin/c++
configure:10325: result: c++
configure:10459: checking for gcc
configure:10475: found /usr/bin/gcc
configure:10486: result: gcc
configure:10615: checking for gfortran
configure:10645: result: no
configure:10776: checking for gccgo
configure:10806: result: no
configure:11017: checking for ar
configure:11033: found /usr/bin/ar
configure:11044: result: ar
configure:11247: checking for as
configure:11263: found /usr/bin/as
configure:11274: result: as
configure:11477: checking for dlltool
configure:11507: result: no
configure:11707: checking for ld
configure:11723: found /usr/bin/ld
configure:11734: result: ld
configure:11937: checking for lipo
configure:11967: result: no
configure:12167: checking for nm
configure:12183: found /usr/bin/nm
configure:12194: result: nm
configure:12397: checking for objcopy
configure:12413: found /usr/bin/objcopy
configure:12424: result: objcopy
configure:12627: checking for objdump
configure:12643: found /usr/bin/objdump
configure:12654: result: objdump
configure:12857: checking for ranlib
configure:12873: found /usr/bin/ranlib
configure:12884: result: ranlib
configure:13087: checking for readelf
configure:13103: found /usr/bin/readelf
configure:13114: result: readelf
configure:13317: checking for strip
configure:13333: found /usr/bin/strip
configure:13344: result: strip
configure:13547: checking for windres
configure:13577: result: no
configure:13777: checking for windmc
configure:13807: result: no
configure:13835: checking where to find the target ar
configure:13868: result: host tool
configure:13877: checking where to find the target as
configure:13910: result: host tool
configure:13919: checking where to find the target cc
configure:13952: result: host tool
configure:13961: checking where to find the target c++
configure:13997: result: host tool
configure:14006: checking where to find the target c++ for libstdc++
configure:14042: result: host tool
configure:14051: checking where to find the target dlltool
configure:14084: result: host tool
configure:14093: checking where to find the target gcc
configure:14126: result: host tool
configure:14135: checking where to find the target gfortran
configure:14171: result: host tool
configure:14180: checking where to find the target gccgo
configure:14216: result: host tool
configure:14225: checking where to find the target ld
configure:14258: result: host tool
configure:14267: checking where to find the target lipo
configure:14289: result: host tool
configure:14298: checking where to find the target nm
configure:14331: result: host tool
configure:14340: checking where to find the target objcopy
configure:14373: result: host tool
configure:14382: checking where to find the target objdump
configure:14415: result: host tool
configure:14424: checking where to find the target ranlib
configure:14457: result: host tool
configure:14466: checking where to find the target readelf
configure:14499: result: host tool
configure:14508: checking where to find the target strip
configure:14541: result: host tool
configure:14550: checking where to find the target windres
configure:14583: result: host tool
configure:14592: checking where to find the target windmc
configure:14625: result: host tool
configure:14662: checking whether to enable maintainer-specific portions of Makefiles
configure:14671: result: no
configure:14914: creating ./config.status

## ---------------------- ##
## Running config.status. ##
## ---------------------- ##

This file was extended by config.status, which was
generated by GNU Autoconf 2.69.  Invocation command line was

  CONFIG_FILES    = 
  CONFIG_HEADERS  = 
  CONFIG_LINKS    = 
  CONFIG_COMMANDS = 
  $ ./config.status 

on kiss

config.status:989: creating Makefile

## ---------------- ##
## Cache variables. ##
## ---------------- ##

ac_cv_build='x86_64-pc-linux-musl'
ac_cv_c_compiler_gnu='yes'
ac_cv_cxx_compiler_gnu='yes'
ac_cv_env_AR_FOR_TARGET_set=''
ac_cv_env_AR_FOR_TARGET_value=''
ac_cv_env_AR_set=''
ac_cv_env_AR_value=''
ac_cv_env_AS_FOR_TARGET_set=''
ac_cv_env_AS_FOR_TARGET_value=''
ac_cv_env_AS_set=''
ac_cv_env_AS_value=''
ac_cv_env_CCC_set=''
ac_cv_env_CCC_value=''
ac_cv_env_CC_FOR_TARGET_set=''
ac_cv_env_CC_FOR_TARGET_value=''
ac_cv_env_CC_set=''
ac_cv_env_CC_value=''
ac_cv_env_CFLAGS_set='set'
ac_cv_env_CFLAGS_value='-O3 -pipe -march=native'
ac_cv_env_CPPFLAGS_set=''
ac_cv_env_CPPFLAGS_value=''
ac_cv_env_CXXFLAGS_set='set'
ac_cv_env_CXXFLAGS_value='-O3 -pipe -march=native'
ac_cv_env_CXX_FOR_TARGET_set=''
ac_cv_env_CXX_FOR_TARGET_value=''
ac_cv_env_CXX_set=''
ac_cv_env_CXX_value=''
ac_cv_env_DLLTOOL_FOR_TARGET_set=''
ac_cv_env_DLLTOOL_FOR_TARGET_value=''
ac_cv_env_DLLTOOL_set=''
ac_cv_env_DLLTOOL_value=''
ac_cv_env_GCC_FOR_TARGET_set=''
ac_cv_env_GCC_FOR_TARGET_value=''
ac_cv_env_GFORTRAN_FOR_TARGET_set=''
ac_cv_env_GFORTRAN_FOR_TARGET_value=''
ac_cv_env_GOC_FOR_TARGET_set=''
ac_cv_env_GOC_FOR_TARGET_value=''
ac_cv_env_LDFLAGS_set=''
ac_cv_env_LDFLAGS_value=''
ac_cv_env_LD_FOR_TARGET_set=''
ac_cv_env_LD_FOR_TARGET_value=''
ac_cv_env_LD_set=''
ac_cv_env_LD_value=''
ac_cv_env_LIBS_set=''
ac_cv_env_LIBS_value=''
ac_cv_env_LIPO_FOR_TARGET_set=''
ac_cv_env_LIPO_FOR_TARGET_value=''
ac_cv_env_LIPO_set=''
ac_cv_env_LIPO_value=''
ac_cv_env_NM_FOR_TARGET_set=''
ac_cv_env_NM_FOR_TARGET_value=''
ac_cv_env_NM_set=''
ac_cv_env_NM_value=''
ac_cv_env_OBJCOPY_FOR_TARGET_set=''
ac_cv_env_OBJCOPY_FOR_TARGET_value=''
ac_cv_env_OBJCOPY_set=''
ac_cv_env_OBJCOPY_value=''
ac_cv_env_OBJDUMP_FOR_TARGET_set=''
ac_cv_env_OBJDUMP_FOR_TARGET_value=''
ac_cv_env_OBJDUMP_set=''
ac_cv_env_OBJDUMP_value=''
ac_cv_env_RANLIB_FOR_TARGET_set=''
ac_cv_env_RANLIB_FOR_TARGET_value=''
ac_cv_env_RANLIB_set=''
ac_cv_env_RANLIB_value=''
ac_cv_env_READELF_FOR_TARGET_set=''
ac_cv_env_READELF_FOR_TARGET_value=''
ac_cv_env_READELF_set=''
ac_cv_env_READELF_value=''
ac_cv_env_STRIP_FOR_TARGET_set=''
ac_cv_env_STRIP_FOR_TARGET_value=''
ac_cv_env_STRIP_set=''
ac_cv_env_STRIP_value=''
ac_cv_env_WINDMC_FOR_TARGET_set=''
ac_cv_env_WINDMC_FOR_TARGET_value=''
ac_cv_env_WINDMC_set=''
ac_cv_env_WINDMC_value=''
ac_cv_env_WINDRES_FOR_TARGET_set=''
ac_cv_env_WINDRES_FOR_TARGET_value=''
ac_cv_env_WINDRES_set=''
ac_cv_env_WINDRES_value=''
ac_cv_env_build_alias_set=''
ac_cv_env_build_alias_value=''
ac_cv_env_build_configargs_set=''
ac_cv_env_build_configargs_value=''
ac_cv_env_host_alias_set=''
ac_cv_env_host_alias_value=''
ac_cv_env_host_configargs_set=''
ac_cv_env_host_configargs_value=''
ac_cv_env_target_alias_set=''
ac_cv_env_target_alias_value=''
ac_cv_env_target_configargs_set=''
ac_cv_env_target_configargs_value=''
ac_cv_host='x86_64-pc-linux-musl'
ac_cv_objext='o'
ac_cv_path_SED='/usr/bin/sed'
ac_cv_path_install='/usr/bin/install -c'
ac_cv_prog_AR='ar'
ac_cv_prog_AR_FOR_TARGET='ar'
ac_cv_prog_AS='as'
ac_cv_prog_AS_FOR_TARGET='as'
ac_cv_prog_AWK='awk'
ac_cv_prog_BISON='bison'
ac_cv_prog_CC_FOR_TARGET='cc'
ac_cv_prog_CXX_FOR_TARGET='c++'
ac_cv_prog_FLEX='flex'
ac_cv_prog_GCC_FOR_TARGET='gcc'
ac_cv_prog_LD='ld'
ac_cv_prog_LD_FOR_TARGET='ld'
ac_cv_prog_LEX='flex'
ac_cv_prog_M4='m4'
ac_cv_prog_NM='nm'
ac_cv_prog_NM_FOR_TARGET='nm'
ac_cv_prog_OBJCOPY='objcopy'
ac_cv_prog_OBJCOPY_FOR_TARGET='objcopy'
ac_cv_prog_OBJDUMP='objdump'
ac_cv_prog_OBJDUMP_FOR_TARGET='objdump'
ac_cv_prog_RANLIB='ranlib'
ac_cv_prog_RANLIB_FOR_TARGET='ranlib'
ac_cv_prog_READELF='readelf'
ac_cv_prog_READELF_FOR_TARGET='readelf'
ac_cv_prog_STRIP='strip'
ac_cv_prog_STRIP_FOR_TARGET='strip'
ac_cv_prog_YACC='bison -y'
ac_cv_prog_ac_ct_CC='gcc'
ac_cv_prog_ac_ct_CXX='g++'
ac_cv_prog_cc_c89=''
ac_cv_prog_cc_g='yes'
ac_cv_prog_cxx_g='yes'
ac_cv_target='x86_64-pc-linux-musl'
acx_cv_cc_gcc_supports_ada='no'
acx_cv_prog_LN='ln'
gcc_cv_isl='no'
gcc_cv_prog_cmp_skip='cmp $$f1 $$f2 16 16'
gcc_cv_tool_dirs=''
gcc_cv_tool_prefix='/usr/local'
lt_cv_objdir='.libs'

## ----------------- ##
## Output variables. ##
## ----------------- ##

AR='ar'
AR_FOR_BUILD='$(AR)'
AR_FOR_TARGET='$(AR)'
AS='as'
AS_FOR_BUILD='$(AS)'
AS_FOR_TARGET='$(AS)'
AWK='awk'
BISON='bison'
BUILD_CONFIG=''
CC='gcc'
CC_FOR_BUILD='$(CC)'
CC_FOR_TARGET='$(CC)'
CFLAGS='-O3 -pipe -march=native'
CFLAGS_FOR_BUILD='-O3 -pipe -march=native'
CFLAGS_FOR_TARGET='-g -O2 -O3 -pipe -march=native'
COMPILER_AS_FOR_TARGET='$(AS_FOR_TARGET)'
COMPILER_LD_FOR_TARGET='$(LD_FOR_TARGET)'
COMPILER_NM_FOR_TARGET='$(NM_FOR_TARGET)'
CONFIGURE_GDB_TK=''
CPPFLAGS=''
CXX='g++'
CXXFLAGS='-O3 -pipe -march=native'
CXXFLAGS_FOR_BUILD='-O3 -pipe -march=native'
CXXFLAGS_FOR_TARGET='-g -O2 -O3 -pipe -march=native'
CXX_FOR_BUILD='$(CXX)'
CXX_FOR_TARGET='$(CXX)'
DEBUG_PREFIX_CFLAGS_FOR_TARGET=''
DEFS='-DPACKAGE_NAME=\"\" -DPACKAGE_TARNAME=\"\" -DPACKAGE_VERSION=\"\" -DPACKAGE_STRING=\"\" -DPACKAGE_BUGREPORT=\"\" -DPACKAGE_URL=\"\" -DLT_OBJDIR=\".libs/\"'
DLLTOOL='dlltool'
DLLTOOL_FOR_BUILD='$(DLLTOOL)'
DLLTOOL_FOR_TARGET='$(DLLTOOL)'
ECHO_C=''
ECHO_N='-n'
ECHO_T=''
EXEEXT=''
EXPECT='expect'
FLAGS_FOR_TARGET=''
FLEX='flex'
GCC_FOR_TARGET='$()'
GCC_SHLIB_SUBDIR=''
GDB_TK=''
GFORTRAN_FOR_BUILD='$(GFORTRAN)'
GFORTRAN_FOR_TARGET='$(GFORTRAN)'
GNATBIND='no'
GNATMAKE='no'
GOC_FOR_BUILD='$(GOC)'
GOC_FOR_TARGET='$(GOC)'
INSTALL_DATA='${INSTALL} -m 644'
INSTALL_GDB_TK=''
INSTALL_PROGRAM='${INSTALL}'
INSTALL_SCRIPT='${INSTALL}'
LD='ld'
LDFLAGS=''
LDFLAGS_FOR_BUILD=''
LDFLAGS_FOR_TARGET=''
LD_FOR_BUILD='$(LD)'
LD_FOR_TARGET='$(LD)'
LEX='flex'
LIBOBJS=''
LIBS=''
LIPO='lipo'
LIPO_FOR_TARGET='$(LIPO)'
LN='ln'
LN_S='ln -s'
LTLIBOBJS=''
M4='m4'
MAINT='#'
MAINTAINER_MODE_FALSE=''
MAINTAINER_MODE_TRUE='#'
MAKEINFO='/home/andrei/Git/kiss-andrei/forks/gdb/gdb-10.2/missing makeinfo'
NM='nm'
NM_FOR_BUILD='$(NM)'
NM_FOR_TARGET='$(NM)'
OBJCOPY='objcopy'
OBJCOPY_FOR_TARGET='$(OBJCOPY)'
OBJDUMP='objdump'
OBJDUMP_FOR_TARGET='$(OBJDUMP)'
OBJEXT='o'
PACKAGE_BUGREPORT=''
PACKAGE_NAME=''
PACKAGE_STRING=''
PACKAGE_TARNAME=''
PACKAGE_URL=''
PACKAGE_VERSION=''
PATH_SEPARATOR=':'
RANLIB='ranlib'
RANLIB_FOR_BUILD='$(RANLIB)'
RANLIB_FOR_TARGET='$(RANLIB)'
RAW_CXX_FOR_TARGET='$(CXX)'
READELF='readelf'
READELF_FOR_TARGET='$(READELF)'
RPATH_ENVVAR='LD_LIBRARY_PATH'
RUNTEST='runtest'
SED='/usr/bin/sed'
SHELL='/bin/sh'
STRIP='strip'
STRIP_FOR_TARGET='$(STRIP)'
SYSROOT_CFLAGS_FOR_TARGET=''
TOPLEVEL_CONFIGURE_ARGUMENTS='./configure --disable-python'
WINDMC='windmc'
WINDMC_FOR_BUILD='$(WINDMC)'
WINDMC_FOR_TARGET='$(WINDMC)'
WINDRES='windres'
WINDRES_FOR_BUILD='$(WINDRES)'
WINDRES_FOR_TARGET='$(WINDRES)'
YACC='bison -y'
ac_ct_CC='gcc'
ac_ct_CXX='g++'
bindir='${exec_prefix}/bin'
build='x86_64-pc-linux-musl'
build_alias=''
build_configargs=' --cache-file=./config.cache '\''--disable-python'\'' --program-transform-name='\''s,y,y,'\'' --disable-option-checking'
build_configdirs=' libiberty'
build_cpu='x86_64'
build_libsubdir='build-x86_64-pc-linux-musl'
build_noncanonical='x86_64-pc-linux-musl'
build_os='linux-musl'
build_subdir='build-x86_64-pc-linux-musl'
build_tooldir='${exec_prefix}/x86_64-pc-linux-musl'
build_vendor='pc'
compare_exclusions='gcc/cc*-checksum$(objext) | gcc/ada/*tools/*'
configdirs=' intl libiberty opcodes bfd readline zlib libdecnumber libctf sim gdb gdbserver etc gnulib gdbsupport'
datadir='${datarootdir}'
datarootdir='${prefix}/share'
do_compare='cmp $$f1 $$f2 16 16'
docdir='${datarootdir}/doc/${PACKAGE}'
dvidir='${docdir}'
exec_prefix='${prefix}'
extra_host_libiberty_configure_flags=''
extra_host_zlib_configure_flags=''
extra_isl_gmp_configure_flags=''
extra_liboffloadmic_configure_flags=''
extra_linker_plugin_configure_flags=''
extra_linker_plugin_flags=''
extra_mpc_gmp_configure_flags=''
extra_mpc_mpfr_configure_flags=''
extra_mpfr_configure_flags=''
get_gcc_base_ver='cat'
gmpinc=''
gmplibs='-lmpc -lmpfr -lgmp'
host='x86_64-pc-linux-musl'
host_alias=''
host_configargs=' --cache-file=./config.cache  '\''--disable-python'\'' --program-transform-name='\''s,y,y,'\'' --disable-option-checking'
host_cpu='x86_64'
host_noncanonical='x86_64-pc-linux-musl'
host_os='linux-musl'
host_shared='no'
host_subdir='.'
host_vendor='pc'
htmldir='${docdir}'
includedir='${prefix}/include'
infodir='${datarootdir}/info'
islinc=''
isllibs=''
libdir='${exec_prefix}/lib'
libexecdir='${exec_prefix}/libexec'
localedir='${datarootdir}/locale'
localstatedir='${prefix}/var'
mandir='${datarootdir}/man'
oldincludedir='/usr/include'
pdfdir='${docdir}'
poststage1_ldflags='-static-libstdc++ -static-libgcc'
poststage1_libs=''
prefix='/usr/local'
program_transform_name='s,y,y,'
psdir='${docdir}'
sbindir='${exec_prefix}/sbin'
sharedstatedir='${prefix}/com'
stage1_cflags='-g'
stage1_checking='--enable-checking=yes,types'
stage1_languages=',c,'
stage1_ldflags=''
stage1_libs=''
stage2_werror_flag=''
sysconfdir='${prefix}/etc'
target='x86_64-pc-linux-musl'
target_alias=''
target_configargs='--cache-file=./config.cache --enable-multilib   '\''--disable-python'\'' --program-transform-name='\''s,y,y,'\'' --disable-option-checking'
target_configdirs=''
target_cpu='x86_64'
target_noncanonical='x86_64-pc-linux-musl'
target_os='linux-musl'
target_subdir='x86_64-pc-linux-musl'
target_vendor='pc'
tooldir='${exec_prefix}/x86_64-pc-linux-musl'

## ------------------- ##
## File substitutions. ##
## ------------------- ##

alphaieee_frag='/dev/null'
host_makefile_frag='/dev/null'
ospace_frag='/dev/null'
serialization_dependencies='serdep.tmp'
target_makefile_frag='./config/mt-gnu'

## ----------- ##
## confdefs.h. ##
## ----------- ##

/* confdefs.h */
#define PACKAGE_NAME ""
#define PACKAGE_TARNAME ""
#define PACKAGE_VERSION ""
#define PACKAGE_STRING ""
#define PACKAGE_BUGREPORT ""
#define PACKAGE_URL ""
#define LT_OBJDIR ".libs/"

configure: exit 0
